
Showing logs for build [32mcb-kubecd-environment-pr-209-65-rvdct-1[0m stage [32mfrom-build-pack[0m and container [32mstep-credential-initializer-6srmt[0m
{"level":"info","ts":1587856911.0100482,"logger":"fallback-logger","caller":"logging/config.go:69","msg":"Fetch GitHub commit ID from kodata failed: open /var/run/ko/refs/heads/0.8.0-ns-support: no such file or directory"}
{"level":"info","ts":1587856911.010829,"logger":"fallback-logger","caller":"creds-init/main.go:40","msg":"Credentials initialized."}

Showing logs for build [32mcb-kubecd-environment-pr-209-65-rvdct-1[0m stage [32mfrom-build-pack[0m and container [32mstep-working-dir-initializer-smtlz[0m
{"level":"info","ts":1587856912.0049021,"logger":"fallback-logger","caller":"logging/config.go:69","msg":"Fetch GitHub commit ID from kodata failed: open /var/run/ko/HEAD: no such file or directory"}
{"level":"info","ts":1587856912.006902,"logger":"fallback-logger","caller":"bash/main.go:64","msg":"Successfully executed command \"sh -c mkdir -p /workspace/source\"; output "}

Showing logs for build [32mcb-kubecd-environment-pr-209-65-rvdct-1[0m stage [32mfrom-build-pack[0m and container [32mstep-place-tools[0m

Showing logs for build [32mcb-kubecd-environment-pr-209-65-rvdct-1[0m stage [32mfrom-build-pack[0m and container [32mstep-git-source-cb-kubecd-environment-pr-209-65-rvdct-fkrs8[0m
{"level":"info","ts":1587856916.1510158,"logger":"fallback-logger","caller":"logging/config.go:69","msg":"Fetch GitHub commit ID from kodata failed: open /var/run/ko/refs/heads/0.8.0-ns-support: no such file or directory"}
{"level":"info","ts":1587856917.2061672,"logger":"fallback-logger","caller":"git/git.go:103","msg":"Successfully cloned https://github.com/cb-kubecd/environment-pr-209-65-boot-gke-staging.git @ master in path /workspace/source"}

Showing logs for build [32mcb-kubecd-environment-pr-209-65-rvdct-1[0m stage [32mfrom-build-pack[0m and container [32mstep-git-merge[0m
Using SHAs from PULL_REFS=master:f2c33af5c4e7727095172ce64eb256442abc0c0b,4:aa2a28b7ef0676cb7ef94571eaa53087335bfe10
DEBUG: LC_ALL=C JX_LOG_LEVEL=error git fetch origin --unshallow aa2a28b7ef0676cb7ef94571eaa53087335bfe10: f2c33af5c4e7727095172ce64eb256442abc0c0b:
DEBUG: ran git fetch --unshallow origin aa2a28b7ef0676cb7ef94571eaa53087335bfe10: f2c33af5c4e7727095172ce64eb256442abc0c0b: in 
DEBUG: JX_LOG_LEVEL=error LC_ALL=C git branch
DEBUG: LC_ALL=C JX_LOG_LEVEL=error git checkout master
DEBUG: ran git checkout master in 
DEBUG: LC_ALL=C JX_LOG_LEVEL=error git reset --hard f2c33af5c4e7727095172ce64eb256442abc0c0b
DEBUG: ran git reset --hard f2c33af5c4e7727095172ce64eb256442abc0c0b in 
DEBUG: JX_LOG_LEVEL=error LC_ALL=C git clean -fd .
DEBUG: ran clean --force -d . in 
DEBUG: LC_ALL=C JX_LOG_LEVEL=error git merge aa2a28b7ef0676cb7ef94571eaa53087335bfe10
DEBUG: ran git merge aa2a28b7ef0676cb7ef94571eaa53087335bfe10 in 
DEBUG: LC_ALL=C JX_LOG_LEVEL=error git log --format=%H%x1f%an%x1f%ae%x1f%cn%x1f%ce%x1f%s%n%b%x1e f2c33af5c4e7727095172ce64eb256442abc0c0b..HEAD
Merged SHA aa2a28b7ef0676cb7ef94571eaa53087335bfe10 with commit message 'chore: Promote bdd-gh-1587855021 to version 0.0.1' into base branch master

Showing logs for build [32mcb-kubecd-environment-pr-209-65-rvdct-1[0m stage [32mfrom-build-pack[0m and container [32mstep-build-helm-build[0m
WARNING: No $CHART_REPOSITORY defined so using the default value of: http://jenkins-x-chartmuseum:8080
Adding missing Helm repo: storage.googleapis.com https://storage.googleapis.com/chartmuseum.jenkins-x.io
WARNING: No secrets found on "helm/repos" due: reading the secret "helm/repos" from vault: no secret "helm/repos" not found in vault
Read credentials for https://storage.googleapis.com/chartmuseum.jenkins-x.io from vault helm/repos
Successfully added Helm repository storage.googleapis.com.
Adding missing Helm repo: jenkins-x-chartmuseum http://jenkins-x-chartmuseum:8080
WARNING: No secrets found on "helm/repos" due: reading the secret "helm/repos" from vault: no secret "helm/repos" not found in vault
Read credentials for http://jenkins-x-chartmuseum:8080 from vault helm/repos
Successfully added Helm repository jenkins-x-chartmuseum.
WARNING: No $CHART_REPOSITORY defined so using the default value of: http://jenkins-x-chartmuseum:8080
Adding missing Helm repo: chartmuseum.jenkins-x.io http://chartmuseum.jenkins-x.io
WARNING: No secrets found on "helm/repos" due: reading the secret "helm/repos" from vault: no secret "helm/repos" not found in vault
Read credentials for http://chartmuseum.jenkins-x.io from vault helm/repos
Successfully added Helm repository chartmuseum.jenkins-x.io.
